<?xml version="1.0" encoding="UTF-8"?>
<testsuite xmlns:xsi="http://www.w3.org/2001/XMLSchema-instance" xsi:noNamespaceSchemaLocation="https://maven.apache.org/surefire/maven-surefire-plugin/xsd/surefire-test-report.xsd" version="3.0.2" name="com.example.consultoria_willis.ConsultoriaWillisApplicationTests" time="2.374" tests="1" errors="0" skipped="0" failures="0">
  <properties>
[...]
</properties>
  <testcase name="contextLoads" classname="com.example.consultoria_willis.ConsultoriaWillisApplicationTests" time="0.66">
    <system-out><![CDATA[23:32:33.817 [main] INFO org.springframework.test.context.support.AnnotationConfigContextLoaderUtils -- Could not detect default configuration classes for test class [com.example.consultoria_willis.ConsultoriaWillisApplicationTests]: ConsultoriaWillisApplicationTests does not declare any static, non-private, non-final, nested classes annotated with @Configuration.
23:32:33.910 [main] INFO org.springframework.boot.test.context.SpringBootTestContextBootstrapper -- Found @SpringBootConfiguration com.example.consultoria_willis.ConsultoriaWillisApplication for test class com.example.consultoria_willis.ConsultoriaWillisApplicationTests
23:32:34.038 [main] INFO org.springframework.boot.devtools.restart.RestartApplicationListener -- Restart disabled due to context in which it is running

  .   ____          _            __ _ _
 /\\ / ___'_ __ _ _(_)_ __  __ _ \ \ \ \
( ( )\___ | '_ | '_| | '_ \/ _` | \ \ \ \
 \\/  ___)| |_)| | | | | || (_| |  ) ) ) )
  '  |____| .__|_| |_|_| |_\__, | / / / /
 =========|_|==============|___/=/_/_/_/

 :: Spring Boot ::                (v3.4.5)

2025-05-13T23:32:34.244-03:00  INFO 16464 --- [consultoria_willis] [           main] c.e.c.ConsultoriaWillisApplicationTests  : Starting ConsultoriaWillisApplicationTests using Java 21.0.4 with PID 16464 (started by João Otávio in C:\Users\João Otávio\Desktop\Consultoria Willis\portifolio-consultoria-willis\CONSULTORIA_WILLIS_BACKEND)
2025-05-13T23:32:34.245-03:00  INFO 16464 --- [consultoria_willis] [           main] c.e.c.ConsultoriaWillisApplicationTests  : No active profile set, falling back to 1 default profile: "default"
2025-05-13T23:32:35.133-03:00  INFO 16464 --- [consultoria_willis] [           main] o.s.v.b.OptionalValidatorFactoryBean     : Failed to set up a Bean Validation provider: jakarta.validation.NoProviderFoundException: Unable to create a Configuration, because no Jakarta Bean Validation provider could be found. Add a provider like Hibernate Validator (RI) to your classpath.
2025-05-13T23:32:35.410-03:00  INFO 16464 --- [consultoria_willis] [           main] c.e.c.ConsultoriaWillisApplicationTests  : Started ConsultoriaWillisApplicationTests in 1.385 seconds (process running for 2.303)
]]></system-out>
    <system-err><![CDATA[Mockito is currently self-attaching to enable the inline-mock-maker. This will no longer work in future releases of the JDK. Please add Mockito as an agent to your build what is described in Mockito's documentation: https://javadoc.io/doc/org.mockito/mockito-core/latest/org/mockito/Mockito.html#0.3
WARNING: A Java agent has been loaded dynamically (C:\Users\João Otávio\.m2\repository\net\bytebuddy\byte-buddy-agent\1.15.11\byte-buddy-agent-1.15.11.jar)
WARNING: If a serviceability tool is in use, please run with -XX:+EnableDynamicAgentLoading to hide this warning
WARNING: If a serviceability tool is not in use, please run with -Djdk.instrument.traceUsage for more information
WARNING: Dynamic loading of agents will be disallowed by default in a future release
]]></system-err>
  </testcase>
</testsuite>